18:28:35: Creating resource group General
18:28:35: Creating resource group Internal
18:28:35: Creating resource group Autodetect
18:28:35: SceneManagerFactory for type 'DefaultSceneManager' registered.
18:28:35: Registering ResourceManager for type Material
18:28:35: Registering ResourceManager for type Mesh
18:28:35: Registering ResourceManager for type Skeleton
18:28:35: MovableObjectFactory for type 'ParticleSystem' registered.
18:28:35: OverlayElementFactory for type Panel registered.
18:28:35: OverlayElementFactory for type BorderPanel registered.
18:28:35: OverlayElementFactory for type TextArea registered.
18:28:35: Registering ResourceManager for type Font
18:28:35: ArchiveFactory for archive type FileSystem registered.
18:28:35: ArchiveFactory for archive type Zip registered.
18:28:35: ArchiveFactory for archive type EmbeddedZip registered.
18:28:35: DDS codec registering
18:28:35: FreeImage version: 3.15.3
18:28:35: This program uses FreeImage, a free, open source image library supporting all common bitmap formats. See http://freeimage.sourceforge.net for details
18:28:35: Supported formats: bmp,ico,jpg,jif,jpeg,jpe,jng,koa,iff,lbm,mng,pbm,pbm,pcd,pcx,pgm,pgm,png,ppm,ppm,ras,tga,targa,tif,tiff,wap,wbmp,wbm,psd,cut,xbm,xpm,gif,hdr,g3,sgi,exr,j2k,j2c,jp2,pfm,pct,pict,pic,3fr,arw,bay,bmq,cap,cine,cr2,crw,cs1,dc2,dcr,drf,dsc,dng,erf,fff,ia,iiq,k25,kc2,kdc,mdc,mef,mos,mrw,nef,nrw,orf,pef,ptx,pxn,qtk,raf,raw,rdc,rw2,rwl,rwz,sr2,srf,srw,sti
18:28:35: Registering ResourceManager for type HighLevelGpuProgram
18:28:35: Registering ResourceManager for type Compositor
18:28:35: MovableObjectFactory for type 'Entity' registered.
18:28:35: MovableObjectFactory for type 'Light' registered.
18:28:35: MovableObjectFactory for type 'BillboardSet' registered.
18:28:35: MovableObjectFactory for type 'ManualObject' registered.
18:28:35: MovableObjectFactory for type 'BillboardChain' registered.
18:28:35: MovableObjectFactory for type 'RibbonTrail' registered.
18:28:35: OGRE EXCEPTION(6:FileNotFoundException): 'Plugins/plugins.cfg' file not found! in ConfigFile::load at ..\..\..\..\OgreMain\src\OgreConfigFile.cpp (line 88)
18:28:35: Plugins/plugins.cfg not found, automatic plugin loading disabled.
18:28:35: *-*-* OGRE Initialising
18:28:35: *-*-* Version 1.8.1 (Byatis)
18:28:35: OGRE EXCEPTION(6:FileNotFoundException): 'ogre.cfg' file not found! in ConfigFile::load at ..\..\..\..\OgreMain\src\OgreConfigFile.cpp (line 88)
18:28:37: *-*-* OGRE Shutdown
18:28:37: Unregistering ResourceManager for type Compositor
18:28:37: Unregistering ResourceManager for type Font
18:28:37: Unregistering ResourceManager for type Skeleton
18:28:37: Unregistering ResourceManager for type Mesh
18:28:37: Unregistering ResourceManager for type HighLevelGpuProgram
18:28:37: Unregistering ResourceManager for type Material
